==================================================================================
gen|  eval  |    f_opt    |    f_max    |    f_avg    |    f_min    |    f_std    
----------------------------------------------------------------------------------
 0 |  200   | 4.60411E+02 | 4.81159E+02 | 4.63462E+02 | 4.60411E+02 | 4.82081E+00 
 1 |  400   | 4.60411E+02 | 4.60411E+02 | 4.60411E+02 | 4.60411E+02 | 0.00000E+00 
 2 |  600   | 4.60411E+02 | 4.60411E+02 | 4.60411E+02 | 4.60411E+02 | 0.00000E+00 
 3 |  800   | 4.60411E+02 | 4.60411E+02 | 4.60411E+02 | 4.60411E+02 | 0.00000E+00 
 4 |  1000  | 4.60411E+02 | 4.60411E+02 | 4.60411E+02 | 4.60411E+02 | 0.00000E+00 
 5 |  1200  | 4.60411E+02 | 4.60411E+02 | 4.60411E+02 | 4.60411E+02 | 0.00000E+00 
 6 |  1400  | 4.60411E+02 | 4.60411E+02 | 4.60411E+02 | 4.60411E+02 | 0.00000E+00 
 7 |  1600  | 4.60411E+02 | 4.60411E+02 | 4.60411E+02 | 4.60411E+02 | 0.00000E+00 
 8 |  1800  | 4.60411E+02 | 4.60411E+02 | 4.60411E+02 | 4.60411E+02 | 0.00000E+00 
 9 |  2000  | 4.60411E+02 | 4.60411E+02 | 4.60411E+02 | 4.60411E+02 | 0.00000E+00 
 10|  2200  | 4.60411E+02 | 4.60411E+02 | 4.60411E+02 | 4.60411E+02 | 0.00000E+00 
Execution time: 142.2320535182953 s
Evaluation number: 2200
The best objective value is: 460.411
The best variables are: 
5	6	9	2	10	10	4	6	3	2	10	9	4	3	7	7	3	9	4	4	5	6	2	3	4	4	2	9	9	0	7	4	7	6	7	7	5	0	2	9	3	2	7	7	5	4	3	8	2	7	2	7	3	4	0	7	9	2	6	8	3	3	1	10	9	8	6	3	8	9	1	0	0	8	8	6	1	1	3	4	8	6	1	1	0	1	8	9	3	4	7	6	7	8	6	5	5	1	9	3	0	10	4	0	8	2	7	10	3	10	3	1	5	4	2	6	5	0	4	9	4	1	5	0	9	0	6	4	2	4	8	3	4	1	4	1	3	0	1	7	0	4	8	6	9	10	1	4	0	6	3	4	7	8	5	5	9	0	9	1	5	7	4	9	8	9	0	1	9	1	9	9	6	6	4	5	6	5	9	6	0	1	10	7	10	5	2	9	6	1	0	0	8	5	10	6	3	0	7	1	2	5	10	8	1	4	3	7	9	1	2	9	3	2	6	3	7	8	2	3	9	2	3	6	7	3	1	0	3	9	1	6	4	1	3	5	5	7	2	4	9	4	2	1	7	9	5	4	6	7	7	5	9	0	0	6	4	2	6	7	1	8	2	5	9	6	0	4	3	2	8	1	7	0	2	3	9	8	8	5	4	4	10	3	5	0	10	9	2	6	6	4	3	9	9	2	4	10	6	7	2	3	9	9	4	0	2	2	9	0	8	3	4	7	6	10	7	6	8	10	1	3	4	5	2	3	7	6	2	2	3	4	6	1	3	10	2	6	2	1	6	10	4	0	7	0	10	4	6	8	4	8	1	8	2	3	0	9	10	3	1	3	8	8	5	0	7	8	6	10	9	2	10	2	2	6	3	2	10	9	10	3	7	0	1	9	4	2	8	3	5	10	6	2	7	1	2	4	9	9	3	7	1	2	10	3	8	2	5	8	1	5	1	8	6	3	7	10	5	4	3	10	4	9	1	0	10	4	4	9	3	7	5	4	10	4	7	8	6	2	5	7	7	7	5	3	10	1	2	4	6	5	3	10	4	5	10	4	9	3	2	1	0	8	5	0	2	2	8	9	5	3	5	2	10	0	5	10	1	7	4	7	2	7	7	7	2	6	1	1	10	4	2	0	1	8	0	3	0	9	1	5	1	7	7	1	8	1	1	9	9	5	6	1	2	2	9	4	9	10	5	9	3	8	9	5	5	10	8	6	8	10	1	10	7	8	0	4	10	2	3	9	7	9	0	9	1	9	2	10	9	7	8	1	5	7	7	0	6	4	6	4	4	7	3	1	5	4	5	5	6	9	3	2	7	4	1	9	3	3	9	1	0	7	3	5	3	10	5	10	4	1	4	9	8	8	10	2	2	5	8	8	3	0	0	0	5	2	9	8	5	7	9	6	3	1	1	7	1	6	7	5	7	0	3	5	9	2	8	0	7	5	9	0	6	9	0	0	1	9	8	6	6	7	2	10	8	3	6	9	10	3	4	7	4	7	1	2	10	10	2	7	4	0	7	0	10	7	0	0	6	9	7	1	5	9	0	3	1	7	2	0	0	6	7	4	3	9	6	2	8	8	10	2	9	6	2	8	2	3	9	9	2	5	0	8	3	1	1	5	8	3	6	9	10	2	2	3	1	8	5	10	6	5	1	4	0	4	2	3	8	0	1	0	5	1	8	9	2	9	3	0	2	10	9	1	2	0	4	3	9	10	2	5	4	4	10	5	9	1	8	6	2	10	6	8	0	4	6	3	2	10	3	4	10	2	6	1	3	0	4	1	10	7	6	4	1	6	9	10	7	7	6	10	6	2	7	6	6	3	9	9	3	2	3	2	4	9	3	8	9	8	9	9	4	5	2	5	0	1	5	8	8	0	7	3	2	4	10	9	7	9	7	0	0	10	2	5	8	5	2	7	3	1	5	7	7	8	2	8	10	8	6	7	8	3	0	0	7	10	9	4	8	5	4	9	4	6	3	2	1	6	9	4	8	4	1	4	2	4	2	1	1	8	8	10	1	8	10	8	7	9	2	5	3	7	3	8	3	7	10	4	2	9	9	0	2	0	5	4	5	7	5	7	5	3	6	6	1	6	4	9	4	6	3	7	2	6	5	5	2	4	10	5	3	9	5	5	9	10	10	3	7	5	10	1	8	6	8	10	2	1	8	6	8	1	3	0	7	8	5	10	2	5	5	5	3	0	0	2	0	10	6	7	4	6	9	2	1	6	2	3	7	10	10	5	0	2	5	8	0	0	8	2	5	2	8	9	3	8	1	3	7	7	10	1	2	8	4	4	3	6	7	0	6	7	5	6	9	10	4	10	10	1	2	5	4	10	4	7	7	5	10	4	1	10	6	3	7	10	7	0	6	4	1	1	0	6	8	10	6	1	9	6	3	0	0	8	0	4	4	7	9	4	1	10	4	7	3	1	7	0	1	2	4	3	4	5	9	2	4	5	4	3	0	7	4	

BFS result:
end-to-end latency: 460.411 us
schedule:
- layer 1:,(9.535, 80)
- layer 2:,(0, 80)
- layer 3:,(0, 80)
- layer 4:,(38.271, 80)
- layer 5:,(0, 80)
- layer 6:,(0, 80)
- layer 7:,(0, 80)
- layer 8:,(0, 80)
- layer 9:,(0, 80)
- layer 10:,(0, 77) (0, 1) (0, 1) (0, 1)
- layer 11:,(10.083, 21) (10.083, 21) (10.083, 21) (12.639, 17)
- layer 12:,(0, 77) (0, 1) (0, 1) (0, 1)
- layer 13:,(0, 77) (0, 1) (0, 1) (0, 1)
- layer 14:,(0, 78) (0, 1) (0, 1)
- layer 15:,(0, 78) (0, 1) (0, 1)
- layer 16:,(0, 78) (0, 1) (0, 1)
- layer 17:,(0, 77) (0, 1) (0, 1) (0, 1)
- layer 18:,(10.083, 21) (10.083, 21) (10.083, 21) (12.639, 17)
- layer 19:,(0, 77) (0, 1) (0, 1) (0, 1)
- layer 20:,(0, 77) (0, 1) (0, 1) (0, 1)
- layer 21:,(0, 78) (0, 1) (0, 1)
- layer 22:,(0, 78) (0, 1) (0, 1)
- layer 23:,(0, 78) (0, 1) (0, 1)
- layer 24:,(0, 78) (0, 1) (0, 1)
- layer 25:,(0, 1) (6.303, 78) (0, 1)
- layer 26:,(0, 78) (0, 1) (0, 1)
- layer 27:,(0, 78) (0, 1) (0, 1)
- layer 28:,(7.571, 41) (0, 1) (8.198, 38)
- layer 29:,(0, 78) (0, 1) (0, 1)
- layer 30:,(0, 78) (0, 1) (0, 1)
- layer 31:,(0, 78) (0, 1) (0, 1)
- layer 32:,(0, 1) (0, 1) (6.303, 78)
- layer 33:,(0, 78) (0, 1) (0, 1)
- layer 34:,(0, 78) (0, 1) (0, 1)
- layer 35:,(0, 79) (0, 1)
- layer 36:,(0, 79) (0, 1)
- layer 37:,(0, 79) (0, 1)
- layer 38:,(7.571, 41) (8.198, 39)
- layer 39:,(0, 79) (0, 1)
- layer 40:,(0, 79) (0, 1)
- layer 41:,(0, 78) (0, 1) (0, 1)
- layer 42:,(0, 78) (0, 1) (0, 1)
- layer 43:,(0, 78) (0, 1) (0, 1)
- layer 44:,(0, 78) (0, 1) (0, 1)
- layer 45:,(0, 78) (0, 1) (0, 1)
- layer 46:,(0, 78) (0, 1) (0, 1)
- layer 47:,(0, 78) (0, 1) (0, 1)
- layer 48:,(8.198, 31) (10.083, 28) (10.083, 21)
- layer 49:,(0, 78) (0, 1) (0, 1)
- layer 50:,(0, 78) (0, 1) (0, 1)
- layer 51:,(0, 77) (0, 1) (0, 1) (0, 1)
- layer 52:,(0, 77) (0, 1) (0, 1) (0, 1)
- layer 53:,(0, 77) (0, 1) (0, 1) (0, 1)
- layer 54:,(0, 77) (0, 1) (0, 1) (0, 1)
- layer 55:,(0, 77) (0, 1) (0, 1) (0, 1)
- layer 56:,(0, 77) (0, 1) (0, 1) (0, 1)
- layer 57:,(0, 77) (0, 1) (0, 1) (0, 1)
- layer 58:,(10.083, 21) (10.083, 21) (10.083, 21) (12.639, 17)
- layer 59:,(0, 77) (0, 1) (0, 1) (0, 1)
- layer 60:,(0, 77) (0, 1) (0, 1) (0, 1)
- layer 61:,(0, 76) (0, 1) (0, 1) (0, 1) (0, 1)
- layer 62:,(0, 76) (0, 1) (0, 1) (0, 1) (0, 1)
- layer 63:,(0, 76) (0, 1) (0, 1) (0, 1) (0, 1)
- layer 64:,(0, 76) (0, 1) (0, 1) (0, 1) (0, 1)
- layer 65:,(0, 76) (0, 1) (0, 1) (0, 1) (0, 1)
- layer 66:,(0, 76) (0, 1) (0, 1) (0, 1) (0, 1)
- layer 67:,(0, 76) (0, 1) (0, 1) (0, 1) (0, 1)
- layer 68:,(10.083, 21) (10.083, 21) (12.639, 16) (12.639, 11) (12.639, 11)
- layer 69:,(0, 76) (0, 1) (0, 1) (0, 1) (0, 1)
- layer 70:,(0, 76) (0, 1) (0, 1) (0, 1) (0, 1)
- layer 71:,(0, 75) (0, 1) (0, 1) (0, 1) (0, 1) (0, 1)
- layer 72:,(0, 75) (0, 1) (0, 1) (0, 1) (0, 1) (0, 1)
- layer 73:,(0, 75) (0, 1) (0, 1) (0, 1) (0, 1) (0, 1)
- layer 74:,(0, 75) (0, 1) (0, 1) (0, 1) (0, 1) (0, 1)
- layer 75:,(0, 75) (0, 1) (0, 1) (0, 1) (0, 1) (0, 1)
- layer 76:,(0, 75) (0, 1) (0, 1) (0, 1) (0, 1) (0, 1)
- layer 77:,(0, 75) (0, 1) (0, 1) (0, 1) (0, 1) (0, 1)
- layer 78:,(10.083, 21) (12.639, 15) (12.639, 11) (12.639, 11) (12.639, 11) (12.639, 11)
- layer 79:,(0, 75) (0, 1) (0, 1) (0, 1) (0, 1) (0, 1)
- layer 80:,(0, 75) (0, 1) (0, 1) (0, 1) (0, 1) (0, 1)
- layer 81:,(0, 80)
- layer 82:,(0, 80)
- layer 83:,(0, 80)
- layer 84:,(0, 80)
- layer 85:,(0, 80)
- layer 86:,(0, 80)
- layer 87:,(0, 80)
- layer 88:,(0, 77) (0, 1) (0, 1) (0, 1)
- layer 89:,(7.513, 21) (7.513, 21) (7.513, 21) (8.838, 17)
- layer 90:,(0, 77) (0, 1) (0, 1) (0, 1)
- layer 91:,(0, 77) (0, 1) (0, 1) (0, 1)
- layer 92:,(0, 78) (0, 1) (0, 1)
- layer 93:,(0, 78) (0, 1) (0, 1)
- layer 94:,(0, 78) (0, 1) (0, 1)
- layer 95:,(0, 77) (0, 1) (0, 1) (0, 1)
- layer 96:,(12.976, 21) (12.976, 21) (12.976, 21) (16.55, 17)
- layer 97:,(0, 77) (0, 1) (0, 1) (0, 1)
- layer 98:,(0, 77) (0, 1) (0, 1) (0, 1)
- layer 99:,(0, 78) (0, 1) (0, 1)
- layer 100:,(0, 78) (0, 1) (0, 1)
- layer 101:,(0, 78) (0, 1) (0, 1)
- layer 102:,(0, 78) (0, 1) (0, 1)
- layer 103:,(0, 1) (7.372, 78) (0, 1)
- layer 104:,(0, 78) (0, 1) (0, 1)
- layer 105:,(0, 78) (0, 1) (0, 1)
- layer 106:,(9.491, 41) (0, 1) (10.742, 38)
- layer 107:,(0, 78) (0, 1) (0, 1)
- layer 108:,(0, 78) (0, 1) (0, 1)
- layer 109:,(0, 78) (0, 1) (0, 1)
- layer 110:,(0, 1) (0, 1) (7.372, 78)
- layer 111:,(0, 78) (0, 1) (0, 1)
- layer 112:,(0, 78) (0, 1) (0, 1)
- layer 113:,(0, 79) (0, 1)
- layer 114:,(0, 79) (0, 1)
- layer 115:,(0, 79) (0, 1)
- layer 116:,(9.491, 41) (10.742, 39)
- layer 117:,(0, 79) (0, 1)
- layer 118:,(0, 79) (0, 1)
- layer 119:,(0, 78) (0, 1) (0, 1)
- layer 120:,(0, 78) (0, 1) (0, 1)
- layer 121:,(0, 78) (0, 1) (0, 1)
- layer 122:,(0, 78) (0, 1) (0, 1)
- layer 123:,(0, 78) (0, 1) (0, 1)
- layer 124:,(0, 78) (0, 1) (0, 1)
- layer 125:,(0, 78) (0, 1) (0, 1)
- layer 126:,(10.742, 31) (12.976, 28) (12.976, 21)
- layer 127:,(0, 78) (0, 1) (0, 1)
- layer 128:,(0, 78) (0, 1) (0, 1)
- layer 129:,(0, 77) (0, 1) (0, 1) (0, 1)
- layer 130:,(0, 77) (0, 1) (0, 1) (0, 1)
- layer 131:,(0, 77) (0, 1) (0, 1) (0, 1)
- layer 132:,(0, 77) (0, 1) (0, 1) (0, 1)
- layer 133:,(0, 77) (0, 1) (0, 1) (0, 1)
- layer 134:,(0, 77) (0, 1) (0, 1) (0, 1)
- layer 135:,(0, 77) (0, 1) (0, 1) (0, 1)
- layer 136:,(12.976, 21) (12.976, 21) (12.976, 21) (16.55, 17)
- layer 137:,(0, 77) (0, 1) (0, 1) (0, 1)
- layer 138:,(0, 77) (0, 1) (0, 1) (0, 1)
- layer 139:,(0, 76) (0, 1) (0, 1) (0, 1) (0, 1)
- layer 140:,(0, 76) (0, 1) (0, 1) (0, 1) (0, 1)
- layer 141:,(0, 76) (0, 1) (0, 1) (0, 1) (0, 1)
- layer 142:,(0, 76) (0, 1) (0, 1) (0, 1) (0, 1)
- layer 143:,(0, 76) (0, 1) (0, 1) (0, 1) (0, 1)
- layer 144:,(0, 76) (0, 1) (0, 1) (0, 1) (0, 1)
- layer 145:,(0, 76) (0, 1) (0, 1) (0, 1) (0, 1)
- layer 146:,(12.976, 21) (12.976, 21) (16.55, 16) (16.55, 11) (16.55, 11)
- layer 147:,(0, 76) (0, 1) (0, 1) (0, 1) (0, 1)
- layer 148:,(0, 76) (0, 1) (0, 1) (0, 1) (0, 1)
- layer 149:,(0, 75) (0, 1) (0, 1) (0, 1) (0, 1) (0, 1)
- layer 150:,(0, 75) (0, 1) (0, 1) (0, 1) (0, 1) (0, 1)
- layer 151:,(0, 75) (0, 1) (0, 1) (0, 1) (0, 1) (0, 1)
- layer 152:,(0, 75) (0, 1) (0, 1) (0, 1) (0, 1) (0, 1)
- layer 153:,(0, 75) (0, 1) (0, 1) (0, 1) (0, 1) (0, 1)
- layer 154:,(0, 75) (0, 1) (0, 1) (0, 1) (0, 1) (0, 1)
- layer 155:,(0, 75) (0, 1) (0, 1) (0, 1) (0, 1) (0, 1)
- layer 156:,(12.976, 21) (16.55, 15) (16.55, 11) (16.55, 11) (16.55, 11) (16.55, 11)
- layer 157:,(0, 75) (0, 1) (0, 1) (0, 1) (0, 1) (0, 1)
- layer 158:,(0, 75) (0, 1) (0, 1) (0, 1) (0, 1) (0, 1)
- layer 159:,(0, 80)
- layer 160:,(0, 80)
- layer 161:,(0, 80)
- layer 162:,(0, 80)
- layer 163:,(0, 80)
- layer 164:,(0, 80)
- layer 165:,(0, 80)
- layer 166:,(0, 77) (0, 1) (0, 1) (0, 1)
- layer 167:,(10.028, 21) (10.028, 21) (10.028, 21) (12.499, 17)
- layer 168:,(0, 77) (0, 1) (0, 1) (0, 1)
- layer 169:,(0, 77) (0, 1) (0, 1) (0, 1)
- layer 170:,(0, 78) (0, 1) (0, 1)
- layer 171:,(0, 78) (0, 1) (0, 1)
- layer 172:,(0, 78) (0, 1) (0, 1)
- layer 173:,(0, 77) (0, 1) (0, 1) (0, 1)
- layer 174:,(17.158, 21) (17.158, 21) (17.158, 21) (21.971, 17)
- layer 175:,(0, 77) (0, 1) (0, 1) (0, 1)
- layer 176:,(0, 77) (0, 1) (0, 1) (0, 1)
- layer 177:,(0, 78) (0, 1) (0, 1)
- layer 178:,(0, 78) (0, 1) (0, 1)
- layer 179:,(0, 78) (0, 1) (0, 1)
- layer 180:,(0, 78) (0, 1) (0, 1)
- layer 181:,(0, 1) (10.515, 78) (0, 1)
- layer 182:,(0, 78) (0, 1) (0, 1)
- layer 183:,(0, 78) (0, 1) (0, 1)
- layer 184:,(12.287, 41) (0, 1) (14.188, 38)
- layer 185:,(0, 78) (0, 1) (0, 1)
- layer 186:,(0, 78) (0, 1) (0, 1)
- layer 187:,(0, 78) (0, 1) (0, 1)
- layer 188:,(0, 1) (0, 1) (10.515, 78)
- layer 189:,(0, 78) (0, 1) (0, 1)
- layer 190:,(0, 78) (0, 1) (0, 1)
- layer 191:,(0, 79) (0, 1)
- layer 192:,(0, 79) (0, 1)
- layer 193:,(0, 79) (0, 1)
- layer 194:,(12.287, 41) (14.188, 39)
- layer 195:,(0, 79) (0, 1)
- layer 196:,(0, 79) (0, 1)
- layer 197:,(0, 78) (0, 1) (0, 1)
- layer 198:,(0, 78) (0, 1) (0, 1)
- layer 199:,(0, 78) (0, 1) (0, 1)
- layer 200:,(0, 78) (0, 1) (0, 1)
- layer 201:,(0, 78) (0, 1) (0, 1)
- layer 202:,(0, 78) (0, 1) (0, 1)
- layer 203:,(0, 78) (0, 1) (0, 1)
- layer 204:,(14.188, 31) (17.158, 28) (17.158, 21)
- layer 205:,(0, 78) (0, 1) (0, 1)
- layer 206:,(0, 78) (0, 1) (0, 1)
- layer 207:,(0, 77) (0, 1) (0, 1) (0, 1)
- layer 208:,(0, 77) (0, 1) (0, 1) (0, 1)
- layer 209:,(0, 77) (0, 1) (0, 1) (0, 1)
- layer 210:,(0, 77) (0, 1) (0, 1) (0, 1)
- layer 211:,(0, 77) (0, 1) (0, 1) (0, 1)
- layer 212:,(0, 77) (0, 1) (0, 1) (0, 1)
- layer 213:,(0, 77) (0, 1) (0, 1) (0, 1)
- layer 214:,(17.158, 21) (17.158, 21) (17.158, 21) (21.971, 17)
- layer 215:,(0, 77) (0, 1) (0, 1) (0, 1)
- layer 216:,(0, 77) (0, 1) (0, 1) (0, 1)
- layer 217:,(0, 76) (0, 1) (0, 1) (0, 1) (0, 1)
- layer 218:,(0, 76) (0, 1) (0, 1) (0, 1) (0, 1)
- layer 219:,(0, 76) (0, 1) (0, 1) (0, 1) (0, 1)
- layer 220:,(0, 76) (0, 1) (0, 1) (0, 1) (0, 1)
- layer 221:,(0, 76) (0, 1) (0, 1) (0, 1) (0, 1)
- layer 222:,(0, 76) (0, 1) (0, 1) (0, 1) (0, 1)
- layer 223:,(0, 76) (0, 1) (0, 1) (0, 1) (0, 1)
- layer 224:,(17.158, 21) (17.158, 21) (21.971, 16) (21.971, 11) (21.971, 11)
- layer 225:,(0, 76) (0, 1) (0, 1) (0, 1) (0, 1)
- layer 226:,(0, 76) (0, 1) (0, 1) (0, 1) (0, 1)
- layer 227:,(0, 75) (0, 1) (0, 1) (0, 1) (0, 1) (0, 1)
- layer 228:,(0, 75) (0, 1) (0, 1) (0, 1) (0, 1) (0, 1)
- layer 229:,(0, 75) (0, 1) (0, 1) (0, 1) (0, 1) (0, 1)
- layer 230:,(0, 75) (0, 1) (0, 1) (0, 1) (0, 1) (0, 1)
- layer 231:,(0, 75) (0, 1) (0, 1) (0, 1) (0, 1) (0, 1)
- layer 232:,(0, 75) (0, 1) (0, 1) (0, 1) (0, 1) (0, 1)
- layer 233:,(0, 75) (0, 1) (0, 1) (0, 1) (0, 1) (0, 1)
- layer 234:,(17.158, 21) (21.971, 15) (21.971, 11) (21.971, 11) (21.971, 11) (21.971, 11)
- layer 235:,(0, 75) (0, 1) (0, 1) (0, 1) (0, 1) (0, 1)
- layer 236:,(0, 75) (0, 1) (0, 1) (0, 1) (0, 1) (0, 1)
- layer 237:,(0, 80)
- layer 238:,(0, 80)
- layer 239:,(0, 80)
- layer 240:,(0, 80)
- layer 241:,(19.136, 80)
- layer 242:,(0, 80)
- layer 243:,(0, 80)
- layer 244:,(0, 80)
- layer 245:,(0, 80)
- layer 246:,(0, 80)
- layer 247:,(0, 80)
- layer 248:,(0, 80)
- layer 249:,(0, 80)

EA search result:
end-to-end latency: 460.411 us
schedule:
- layer 1:,(9.535, 80)
- layer 2:,(0, 80)
- layer 3:,(0, 80)
- layer 4:,(38.271, 80)
- layer 5:,(0, 80)
- layer 6:,(0, 80)
- layer 7:,(0, 80)
- layer 8:,(0, 80)
- layer 9:,(0, 80)
- layer 10:,(0, 77) (0, 1) (0, 1) (0, 1)
- layer 11:,(10.083, 21) (10.083, 21) (10.083, 21) (12.639, 17)
- layer 12:,(0, 77) (0, 1) (0, 1) (0, 1)
- layer 13:,(0, 77) (0, 1) (0, 1) (0, 1)
- layer 14:,(0, 78) (0, 1) (0, 1)
- layer 15:,(0, 78) (0, 1) (0, 1)
- layer 16:,(0, 78) (0, 1) (0, 1)
- layer 17:,(0, 77) (0, 1) (0, 1) (0, 1)
- layer 18:,(10.083, 21) (10.083, 21) (10.083, 21) (12.639, 17)
- layer 19:,(0, 77) (0, 1) (0, 1) (0, 1)
- layer 20:,(0, 77) (0, 1) (0, 1) (0, 1)
- layer 21:,(0, 78) (0, 1) (0, 1)
- layer 22:,(0, 78) (0, 1) (0, 1)
- layer 23:,(0, 78) (0, 1) (0, 1)
- layer 24:,(0, 78) (0, 1) (0, 1)
- layer 25:,(0, 1) (6.303, 78) (0, 1)
- layer 26:,(0, 78) (0, 1) (0, 1)
- layer 27:,(0, 78) (0, 1) (0, 1)
- layer 28:,(7.571, 41) (0, 1) (8.198, 38)
- layer 29:,(0, 78) (0, 1) (0, 1)
- layer 30:,(0, 78) (0, 1) (0, 1)
- layer 31:,(0, 78) (0, 1) (0, 1)
- layer 32:,(0, 1) (0, 1) (6.303, 78)
- layer 33:,(0, 78) (0, 1) (0, 1)
- layer 34:,(0, 78) (0, 1) (0, 1)
- layer 35:,(0, 79) (0, 1)
- layer 36:,(0, 79) (0, 1)
- layer 37:,(0, 79) (0, 1)
- layer 38:,(7.571, 41) (8.198, 39)
- layer 39:,(0, 79) (0, 1)
- layer 40:,(0, 79) (0, 1)
- layer 41:,(0, 78) (0, 1) (0, 1)
- layer 42:,(0, 78) (0, 1) (0, 1)
- layer 43:,(0, 78) (0, 1) (0, 1)
- layer 44:,(0, 78) (0, 1) (0, 1)
- layer 45:,(0, 78) (0, 1) (0, 1)
- layer 46:,(0, 78) (0, 1) (0, 1)
- layer 47:,(0, 78) (0, 1) (0, 1)
- layer 48:,(8.198, 31) (10.083, 28) (10.083, 21)
- layer 49:,(0, 78) (0, 1) (0, 1)
- layer 50:,(0, 78) (0, 1) (0, 1)
- layer 51:,(0, 77) (0, 1) (0, 1) (0, 1)
- layer 52:,(0, 77) (0, 1) (0, 1) (0, 1)
- layer 53:,(0, 77) (0, 1) (0, 1) (0, 1)
- layer 54:,(0, 77) (0, 1) (0, 1) (0, 1)
- layer 55:,(0, 77) (0, 1) (0, 1) (0, 1)
- layer 56:,(0, 77) (0, 1) (0, 1) (0, 1)
- layer 57:,(0, 77) (0, 1) (0, 1) (0, 1)
- layer 58:,(10.083, 21) (10.083, 21) (10.083, 21) (12.639, 17)
- layer 59:,(0, 77) (0, 1) (0, 1) (0, 1)
- layer 60:,(0, 77) (0, 1) (0, 1) (0, 1)
- layer 61:,(0, 76) (0, 1) (0, 1) (0, 1) (0, 1)
- layer 62:,(0, 76) (0, 1) (0, 1) (0, 1) (0, 1)
- layer 63:,(0, 76) (0, 1) (0, 1) (0, 1) (0, 1)
- layer 64:,(0, 76) (0, 1) (0, 1) (0, 1) (0, 1)
- layer 65:,(0, 76) (0, 1) (0, 1) (0, 1) (0, 1)
- layer 66:,(0, 76) (0, 1) (0, 1) (0, 1) (0, 1)
- layer 67:,(0, 76) (0, 1) (0, 1) (0, 1) (0, 1)
- layer 68:,(10.083, 21) (10.083, 21) (12.639, 16) (12.639, 11) (12.639, 11)
- layer 69:,(0, 76) (0, 1) (0, 1) (0, 1) (0, 1)
- layer 70:,(0, 76) (0, 1) (0, 1) (0, 1) (0, 1)
- layer 71:,(0, 75) (0, 1) (0, 1) (0, 1) (0, 1) (0, 1)
- layer 72:,(0, 75) (0, 1) (0, 1) (0, 1) (0, 1) (0, 1)
- layer 73:,(0, 75) (0, 1) (0, 1) (0, 1) (0, 1) (0, 1)
- layer 74:,(0, 75) (0, 1) (0, 1) (0, 1) (0, 1) (0, 1)
- layer 75:,(0, 75) (0, 1) (0, 1) (0, 1) (0, 1) (0, 1)
- layer 76:,(0, 75) (0, 1) (0, 1) (0, 1) (0, 1) (0, 1)
- layer 77:,(0, 75) (0, 1) (0, 1) (0, 1) (0, 1) (0, 1)
- layer 78:,(10.083, 21) (12.639, 15) (12.639, 11) (12.639, 11) (12.639, 11) (12.639, 11)
- layer 79:,(0, 75) (0, 1) (0, 1) (0, 1) (0, 1) (0, 1)
- layer 80:,(0, 75) (0, 1) (0, 1) (0, 1) (0, 1) (0, 1)
- layer 81:,(0, 80)
- layer 82:,(0, 80)
- layer 83:,(0, 80)
- layer 84:,(0, 80)
- layer 85:,(0, 80)
- layer 86:,(0, 80)
- layer 87:,(0, 80)
- layer 88:,(0, 77) (0, 1) (0, 1) (0, 1)
- layer 89:,(7.513, 21) (7.513, 21) (7.513, 21) (8.838, 17)
- layer 90:,(0, 77) (0, 1) (0, 1) (0, 1)
- layer 91:,(0, 77) (0, 1) (0, 1) (0, 1)
- layer 92:,(0, 78) (0, 1) (0, 1)
- layer 93:,(0, 78) (0, 1) (0, 1)
- layer 94:,(0, 78) (0, 1) (0, 1)
- layer 95:,(0, 77) (0, 1) (0, 1) (0, 1)
- layer 96:,(12.976, 21) (12.976, 21) (12.976, 21) (16.55, 17)
- layer 97:,(0, 77) (0, 1) (0, 1) (0, 1)
- layer 98:,(0, 77) (0, 1) (0, 1) (0, 1)
- layer 99:,(0, 78) (0, 1) (0, 1)
- layer 100:,(0, 78) (0, 1) (0, 1)
- layer 101:,(0, 78) (0, 1) (0, 1)
- layer 102:,(0, 78) (0, 1) (0, 1)
- layer 103:,(0, 1) (7.372, 78) (0, 1)
- layer 104:,(0, 78) (0, 1) (0, 1)
- layer 105:,(0, 78) (0, 1) (0, 1)
- layer 106:,(9.491, 41) (0, 1) (10.742, 38)
- layer 107:,(0, 78) (0, 1) (0, 1)
- layer 108:,(0, 78) (0, 1) (0, 1)
- layer 109:,(0, 78) (0, 1) (0, 1)
- layer 110:,(0, 1) (0, 1) (7.372, 78)
- layer 111:,(0, 78) (0, 1) (0, 1)
- layer 112:,(0, 78) (0, 1) (0, 1)
- layer 113:,(0, 79) (0, 1)
- layer 114:,(0, 79) (0, 1)
- layer 115:,(0, 79) (0, 1)
- layer 116:,(9.491, 41) (10.742, 39)
- layer 117:,(0, 79) (0, 1)
- layer 118:,(0, 79) (0, 1)
- layer 119:,(0, 78) (0, 1) (0, 1)
- layer 120:,(0, 78) (0, 1) (0, 1)
- layer 121:,(0, 78) (0, 1) (0, 1)
- layer 122:,(0, 78) (0, 1) (0, 1)
- layer 123:,(0, 78) (0, 1) (0, 1)
- layer 124:,(0, 78) (0, 1) (0, 1)
- layer 125:,(0, 78) (0, 1) (0, 1)
- layer 126:,(10.742, 31) (12.976, 28) (12.976, 21)
- layer 127:,(0, 78) (0, 1) (0, 1)
- layer 128:,(0, 78) (0, 1) (0, 1)
- layer 129:,(0, 77) (0, 1) (0, 1) (0, 1)
- layer 130:,(0, 77) (0, 1) (0, 1) (0, 1)
- layer 131:,(0, 77) (0, 1) (0, 1) (0, 1)
- layer 132:,(0, 77) (0, 1) (0, 1) (0, 1)
- layer 133:,(0, 77) (0, 1) (0, 1) (0, 1)
- layer 134:,(0, 77) (0, 1) (0, 1) (0, 1)
- layer 135:,(0, 77) (0, 1) (0, 1) (0, 1)
- layer 136:,(12.976, 21) (12.976, 21) (12.976, 21) (16.55, 17)
- layer 137:,(0, 77) (0, 1) (0, 1) (0, 1)
- layer 138:,(0, 77) (0, 1) (0, 1) (0, 1)
- layer 139:,(0, 76) (0, 1) (0, 1) (0, 1) (0, 1)
- layer 140:,(0, 76) (0, 1) (0, 1) (0, 1) (0, 1)
- layer 141:,(0, 76) (0, 1) (0, 1) (0, 1) (0, 1)
- layer 142:,(0, 76) (0, 1) (0, 1) (0, 1) (0, 1)
- layer 143:,(0, 76) (0, 1) (0, 1) (0, 1) (0, 1)
- layer 144:,(0, 76) (0, 1) (0, 1) (0, 1) (0, 1)
- layer 145:,(0, 76) (0, 1) (0, 1) (0, 1) (0, 1)
- layer 146:,(12.976, 21) (12.976, 21) (16.55, 16) (16.55, 11) (16.55, 11)
- layer 147:,(0, 76) (0, 1) (0, 1) (0, 1) (0, 1)
- layer 148:,(0, 76) (0, 1) (0, 1) (0, 1) (0, 1)
- layer 149:,(0, 75) (0, 1) (0, 1) (0, 1) (0, 1) (0, 1)
- layer 150:,(0, 75) (0, 1) (0, 1) (0, 1) (0, 1) (0, 1)
- layer 151:,(0, 75) (0, 1) (0, 1) (0, 1) (0, 1) (0, 1)
- layer 152:,(0, 75) (0, 1) (0, 1) (0, 1) (0, 1) (0, 1)
- layer 153:,(0, 75) (0, 1) (0, 1) (0, 1) (0, 1) (0, 1)
- layer 154:,(0, 75) (0, 1) (0, 1) (0, 1) (0, 1) (0, 1)
- layer 155:,(0, 75) (0, 1) (0, 1) (0, 1) (0, 1) (0, 1)
- layer 156:,(12.976, 21) (16.55, 15) (16.55, 11) (16.55, 11) (16.55, 11) (16.55, 11)
- layer 157:,(0, 75) (0, 1) (0, 1) (0, 1) (0, 1) (0, 1)
- layer 158:,(0, 75) (0, 1) (0, 1) (0, 1) (0, 1) (0, 1)
- layer 159:,(0, 80)
- layer 160:,(0, 80)
- layer 161:,(0, 80)
- layer 162:,(0, 80)
- layer 163:,(0, 80)
- layer 164:,(0, 80)
- layer 165:,(0, 80)
- layer 166:,(0, 77) (0, 1) (0, 1) (0, 1)
- layer 167:,(10.028, 21) (10.028, 21) (10.028, 21) (12.499, 17)
- layer 168:,(0, 77) (0, 1) (0, 1) (0, 1)
- layer 169:,(0, 77) (0, 1) (0, 1) (0, 1)
- layer 170:,(0, 78) (0, 1) (0, 1)
- layer 171:,(0, 78) (0, 1) (0, 1)
- layer 172:,(0, 78) (0, 1) (0, 1)
- layer 173:,(0, 77) (0, 1) (0, 1) (0, 1)
- layer 174:,(17.158, 21) (17.158, 21) (17.158, 21) (21.971, 17)
- layer 175:,(0, 77) (0, 1) (0, 1) (0, 1)
- layer 176:,(0, 77) (0, 1) (0, 1) (0, 1)
- layer 177:,(0, 78) (0, 1) (0, 1)
- layer 178:,(0, 78) (0, 1) (0, 1)
- layer 179:,(0, 78) (0, 1) (0, 1)
- layer 180:,(0, 78) (0, 1) (0, 1)
- layer 181:,(0, 1) (10.515, 78) (0, 1)
- layer 182:,(0, 78) (0, 1) (0, 1)
- layer 183:,(0, 78) (0, 1) (0, 1)
- layer 184:,(12.287, 41) (0, 1) (14.188, 38)
- layer 185:,(0, 78) (0, 1) (0, 1)
- layer 186:,(0, 78) (0, 1) (0, 1)
- layer 187:,(0, 78) (0, 1) (0, 1)
- layer 188:,(0, 1) (0, 1) (10.515, 78)
- layer 189:,(0, 78) (0, 1) (0, 1)
- layer 190:,(0, 78) (0, 1) (0, 1)
- layer 191:,(0, 79) (0, 1)
- layer 192:,(0, 79) (0, 1)
- layer 193:,(0, 79) (0, 1)
- layer 194:,(12.287, 41) (14.188, 39)
- layer 195:,(0, 79) (0, 1)
- layer 196:,(0, 79) (0, 1)
- layer 197:,(0, 78) (0, 1) (0, 1)
- layer 198:,(0, 78) (0, 1) (0, 1)
- layer 199:,(0, 78) (0, 1) (0, 1)
- layer 200:,(0, 78) (0, 1) (0, 1)
- layer 201:,(0, 78) (0, 1) (0, 1)
- layer 202:,(0, 78) (0, 1) (0, 1)
- layer 203:,(0, 78) (0, 1) (0, 1)
- layer 204:,(14.188, 31) (17.158, 28) (17.158, 21)
- layer 205:,(0, 78) (0, 1) (0, 1)
- layer 206:,(0, 78) (0, 1) (0, 1)
- layer 207:,(0, 77) (0, 1) (0, 1) (0, 1)
- layer 208:,(0, 77) (0, 1) (0, 1) (0, 1)
- layer 209:,(0, 77) (0, 1) (0, 1) (0, 1)
- layer 210:,(0, 77) (0, 1) (0, 1) (0, 1)
- layer 211:,(0, 77) (0, 1) (0, 1) (0, 1)
- layer 212:,(0, 77) (0, 1) (0, 1) (0, 1)
- layer 213:,(0, 77) (0, 1) (0, 1) (0, 1)
- layer 214:,(17.158, 21) (17.158, 21) (17.158, 21) (21.971, 17)
- layer 215:,(0, 77) (0, 1) (0, 1) (0, 1)
- layer 216:,(0, 77) (0, 1) (0, 1) (0, 1)
- layer 217:,(0, 76) (0, 1) (0, 1) (0, 1) (0, 1)
- layer 218:,(0, 76) (0, 1) (0, 1) (0, 1) (0, 1)
- layer 219:,(0, 76) (0, 1) (0, 1) (0, 1) (0, 1)
- layer 220:,(0, 76) (0, 1) (0, 1) (0, 1) (0, 1)
- layer 221:,(0, 76) (0, 1) (0, 1) (0, 1) (0, 1)
- layer 222:,(0, 76) (0, 1) (0, 1) (0, 1) (0, 1)
- layer 223:,(0, 76) (0, 1) (0, 1) (0, 1) (0, 1)
- layer 224:,(17.158, 21) (17.158, 21) (21.971, 16) (21.971, 11) (21.971, 11)
- layer 225:,(0, 76) (0, 1) (0, 1) (0, 1) (0, 1)
- layer 226:,(0, 76) (0, 1) (0, 1) (0, 1) (0, 1)
- layer 227:,(0, 75) (0, 1) (0, 1) (0, 1) (0, 1) (0, 1)
- layer 228:,(0, 75) (0, 1) (0, 1) (0, 1) (0, 1) (0, 1)
- layer 229:,(0, 75) (0, 1) (0, 1) (0, 1) (0, 1) (0, 1)
- layer 230:,(0, 75) (0, 1) (0, 1) (0, 1) (0, 1) (0, 1)
- layer 231:,(0, 75) (0, 1) (0, 1) (0, 1) (0, 1) (0, 1)
- layer 232:,(0, 75) (0, 1) (0, 1) (0, 1) (0, 1) (0, 1)
- layer 233:,(0, 75) (0, 1) (0, 1) (0, 1) (0, 1) (0, 1)
- layer 234:,(17.158, 21) (21.971, 15) (21.971, 11) (21.971, 11) (21.971, 11) (21.971, 11)
- layer 235:,(0, 75) (0, 1) (0, 1) (0, 1) (0, 1) (0, 1)
- layer 236:,(0, 75) (0, 1) (0, 1) (0, 1) (0, 1) (0, 1)
- layer 237:,(0, 80)
- layer 238:,(0, 80)
- layer 239:,(0, 80)
- layer 240:,(0, 80)
- layer 241:,(19.136, 80)
- layer 242:,(0, 80)
- layer 243:,(0, 80)
- layer 244:,(0, 80)
- layer 245:,(0, 80)
- layer 246:,(0, 80)
- layer 247:,(0, 80)
- layer 248:,(0, 80)
- layer 249:,(0, 80)
